<?xml version="1.0" encoding="UTF-8"?>

<db>
	<config>
		<dbms>SQLITE</dbms>
		<path>src/test/resources/for-test.db</path>
	</config>
	
	<data>
		<versions>
			<version>
				<id>1</id>
				<revision>
					<id>1</id>
					<identifier>1</identifier>
					<date>2014-10-15 11:35</date>
				</revision>
				<sourcefiles>
					<sourcefile>
						<id>1</id>
						<path>A.java</path>
					</sourcefile>
				</sourcefiles>
				<filechanges>
					<filechange>
						<id>1</id>
						<old></old>
						<new>1</new>
						<type>ADD</type>
					</filechange>
				</filechanges>
				<rawcloneclasses>
					<rawcloneclass></rawcloneclass>
				</rawcloneclasses>
			</version>
			<version>
				<id>2</id>
				<revision>
					<id>2</id>
					<identifier>2</identifier>
					<date>2014-10-15 15:10</date>
				</revision>
				<sourcefiles>
					<sourcefile>
						<id>1</id>
						<path>A.java</path>
					</sourcefile>
					<sourcefile>
						<id>2</id>
						<path>B.java</path>
					</sourcefile>
				</sourcefiles>
				<filechanges>
					<filechange>
						<id>2</id>
						<old></old>
						<new>2</new>
						<type>ADD</type>
					</filechange>
				</filechanges>
				<rawcloneclasses>
					<rawcloneclass>
						<id>1</id>
						<rawclonedfragments>
							<rawclonedfragment>
								<id>1</id>
								<ownerfile>1</ownerfile>
								<startline>10</startline>
								<length>5</length>
							</rawclonedfragment>
							<rawclonedfragment>
								<id>2</id>
								<ownerfile>2</ownerfile>
								<startline>25</startline>
								<length>5</length>
							</rawclonedfragment>
						</rawclonedfragments>
					</rawcloneclass>
				</rawcloneclasses>
			</version>
		</versions>
	</data>
</db>